<?xml version="1.0" encoding="UTF-8"?>
<!-- Generated by org.testng.reporters.JUnitXMLReporter -->
<testsuite ignored="0" hostname="Ivettes-MacBook-Pro.local" failures="8" tests="16" name="testng" time="228.925" errors="0" timestamp="14 Jul 2022 21:30:49 GMT">
  <testcase classname="com.kroger.assortment.api.assortmentmgmtcore.GetAssortmentItemsPageable" name="validateGetAmtItems_pageOffset_TC003" time="4.544">
    <failure type="java.lang.AssertionError" message=" [Error] Assortment Items according to offset 5 and page.size 10 were NOT correctly fetched expected [true] but found [false]">
      <![CDATA[java.lang.AssertionError:  [Error] Assortment Items according to offset 5 and page.size 10 were NOT correctly fetched expected [true] but found [false]
at com.kroger.assortment.api.assortmentmgmtcore.GetAssortmentItemsPageable.validateGetAmtItems_pageOffset_TC003(GetAssortmentItemsPageable.java:158)
... Removed 30 stack frames]]>
    </failure>
  </testcase> <!-- validateGetAmtItems_pageOffset_TC003 -->
  <testcase classname="com.kroger.assortment.api.assortmentmgmtcore.GetAssortmentItemsPageable" name="validateGetAmtItems_pageOffset_TC003" time="4.193">
    <failure type="java.lang.AssertionError" message=" [Error] Assortment Items according to offset 6 and page.size 20 were NOT correctly fetched expected [true] but found [false]">
      <![CDATA[java.lang.AssertionError:  [Error] Assortment Items according to offset 6 and page.size 20 were NOT correctly fetched expected [true] but found [false]
at com.kroger.assortment.api.assortmentmgmtcore.GetAssortmentItemsPageable.validateGetAmtItems_pageOffset_TC003(GetAssortmentItemsPageable.java:158)
... Removed 30 stack frames]]>
    </failure>
  </testcase> <!-- validateGetAmtItems_pageOffset_TC003 -->
  <testcase classname="com.kroger.assortment.api.assortmentmgmtcore.GetAssortmentItemsPageable" name="validateGetAmtItems_pageOffset_TC003" time="4.15">
    <failure type="java.lang.AssertionError" message=" [Error] Assortment Items according to offset 35 and page.size 30 were NOT correctly fetched expected [true] but found [false]">
      <![CDATA[java.lang.AssertionError:  [Error] Assortment Items according to offset 35 and page.size 30 were NOT correctly fetched expected [true] but found [false]
at com.kroger.assortment.api.assortmentmgmtcore.GetAssortmentItemsPageable.validateGetAmtItems_pageOffset_TC003(GetAssortmentItemsPageable.java:158)
... Removed 30 stack frames]]>
    </failure>
  </testcase> <!-- validateGetAmtItems_pageOffset_TC003 -->
  <testcase classname="com.kroger.assortment.api.assortmentmgmtcore.GetAssortmentItemsPageable" name="validateGetAmtItems_pageOffset_TC003" time="4.379">
    <failure type="java.lang.AssertionError" message=" [Error] Assortment Items according to offset 72 and page.size 40 were NOT correctly fetched expected [true] but found [false]">
      <![CDATA[java.lang.AssertionError:  [Error] Assortment Items according to offset 72 and page.size 40 were NOT correctly fetched expected [true] but found [false]
at com.kroger.assortment.api.assortmentmgmtcore.GetAssortmentItemsPageable.validateGetAmtItems_pageOffset_TC003(GetAssortmentItemsPageable.java:158)
... Removed 30 stack frames]]>
    </failure>
  </testcase> <!-- validateGetAmtItems_pageOffset_TC003 -->
  <testcase classname="com.kroger.assortment.api.assortmentmgmtcore.GetAssortmentItemsPageable" name="validateGetAmtItems_pageOffset_TC003" time="4.333">
    <failure type="java.lang.AssertionError" message=" [Error] Assortment Items according to offset 0 and page.size 50 were NOT correctly fetched expected [true] but found [false]">
      <![CDATA[java.lang.AssertionError:  [Error] Assortment Items according to offset 0 and page.size 50 were NOT correctly fetched expected [true] but found [false]
at com.kroger.assortment.api.assortmentmgmtcore.GetAssortmentItemsPageable.validateGetAmtItems_pageOffset_TC003(GetAssortmentItemsPageable.java:158)
... Removed 30 stack frames]]>
    </failure>
  </testcase> <!-- validateGetAmtItems_pageOffset_TC003 -->
  <testcase classname="com.kroger.assortment.api.assortmentmgmtcore.GetAssortmentItemsPageable" name="validateGetAmtItems_pageOffset_blankspaces_TC005" time="4.492">
    <failure type="java.lang.AssertionError" message=" [Error] Assortment Items according to offset 0 and page.size 70 were NOT correctly fetched expected [true] but found [false]">
      <![CDATA[java.lang.AssertionError:  [Error] Assortment Items according to offset 0 and page.size 70 were NOT correctly fetched expected [true] but found [false]
at com.kroger.assortment.api.assortmentmgmtcore.GetAssortmentItemsPageable.validateGetAmtItems_pageOffset_blankspaces_TC005(GetAssortmentItemsPageable.java:230)
... Removed 30 stack frames]]>
    </failure>
  </testcase> <!-- validateGetAmtItems_pageOffset_blankspaces_TC005 -->
  <testcase classname="com.kroger.assortment.api.assortmentmgmtcore.GetAssortmentItemsPageable" name="validateGetAmtItems_pageOffset_empty_TC006" time="4.433">
    <failure type="java.lang.AssertionError" message=" [Error] Assortment Items according to offset 0 and page.size 60 were NOT correctly fetched expected [true] but found [false]">
      <![CDATA[java.lang.AssertionError:  [Error] Assortment Items according to offset 0 and page.size 60 were NOT correctly fetched expected [true] but found [false]
at com.kroger.assortment.api.assortmentmgmtcore.GetAssortmentItemsPageable.validateGetAmtItems_pageOffset_empty_TC006(GetAssortmentItemsPageable.java:267)
... Removed 30 stack frames]]>
    </failure>
  </testcase> <!-- validateGetAmtItems_pageOffset_empty_TC006 -->
  <testcase classname="com.kroger.assortment.api.assortmentmgmtcore.GetAssortmentItemsPageable" name="validateGetAmtItems_pageOffset_negativeNumber_TC004" time="1.439"/>
  <testcase classname="com.kroger.assortment.api.assortmentmgmtcore.GetAssortmentItemsPageable" name="validateGetAmtItems_pageSize_TC002" time="1.983"/>
  <testcase classname="com.kroger.assortment.api.assortmentmgmtcore.GetAssortmentItemsPageable" name="validateGetAmtItems_pageSize_TC002" time="2.05"/>
  <testcase classname="com.kroger.assortment.api.assortmentmgmtcore.GetAssortmentItemsPageable" name="validateGetAmtItems_pageSize_TC002" time="1.935"/>
  <testcase classname="com.kroger.assortment.api.assortmentmgmtcore.GetAssortmentItemsPageable" name="validateGetAmtItems_pageSize_TC002" time="1.993"/>
  <testcase classname="com.kroger.assortment.api.assortmentmgmtcore.GetAssortmentItemsPageable" name="validateGetAmtItems_pageSize_TC002" time="1.439"/>
  <testcase classname="com.kroger.assortment.api.assortmentmgmtcore.GetAssortmentItemsPageable" name="validateGetAmtItems_pageable_TC001" time="1.909"/>
  <testcase classname="com.kroger.assortment.api.assortmentmgmtcore.GetAssortmentItemsPageable" name="validateGetAmtItems_pageable_TC001" time="181.354">
    <failure type="java.lang.AssertionError" message="1 expectation failed.
Expected content-type &amp;quot;JSON&amp;quot; doesn&amp;apos;t match actual content-type &amp;quot;text/html&amp;quot;.
">
      <![CDATA[java.lang.AssertionError: 1 expectation failed.
Expected content-type "JSON" doesn't match actual content-type "text/html".

at org.codehaus.groovy.runtime.callsite.ConstructorSite$ConstructorSiteNoUnwrapNoCoerce.callConstructor(ConstructorSite.java:105)
at org.codehaus.groovy.runtime.callsite.CallSiteArray.defaultCallConstructor(CallSiteArray.java:59)
at org.codehaus.groovy.runtime.callsite.AbstractCallSite.callConstructor(AbstractCallSite.java:263)
at org.codehaus.groovy.runtime.callsite.AbstractCallSite.callConstructor(AbstractCallSite.java:277)
at io.restassured.internal.ResponseSpecificationImpl$HamcrestAssertionClosure.validate(ResponseSpecificationImpl.groovy:493)
at io.restassured.internal.ResponseSpecificationImpl$HamcrestAssertionClosure$validate$1.call(Unknown Source)
at io.restassured.internal.ResponseSpecificationImpl.validateResponseIfRequired(ResponseSpecificationImpl.groovy:674)
at org.codehaus.groovy.runtime.callsite.PlainObjectMetaMethodSite.doInvoke(PlainObjectMetaMethodSite.java:43)
at org.codehaus.groovy.runtime.callsite.PogoMetaMethodSite$PogoCachedMethodSiteNoUnwrapNoCoerce.invoke(PogoMetaMethodSite.java:193)
at org.codehaus.groovy.runtime.callsite.PogoMetaMethodSite.callCurrent(PogoMetaMethodSite.java:61)
at org.codehaus.groovy.runtime.callsite.AbstractCallSite.callCurrent(AbstractCallSite.java:185)
at io.restassured.internal.ResponseSpecificationImpl.contentType(ResponseSpecificationImpl.groovy:421)
at io.restassured.internal.ValidatableResponseOptionsImpl.contentType(ValidatableResponseOptionsImpl.java:220)
at io.restassured.internal.ValidatableResponseImpl.super$2$contentType(ValidatableResponseImpl.groovy)
at groovy.lang.MetaMethod.doMethodInvoke(MetaMethod.java:323)
at groovy.lang.MetaClassImpl.invokeMethod(MetaClassImpl.java:1268)
at org.codehaus.groovy.runtime.ScriptBytecodeAdapter.invokeMethodOnSuperN(ScriptBytecodeAdapter.java:144)
at io.restassured.internal.ValidatableResponseImpl.contentType(ValidatableResponseImpl.groovy:278)
at io.restassured.internal.ValidatableResponseImpl.contentType(ValidatableResponseImpl.groovy)
at com.kroger.assortment.api.assortmentmgmtcore.GetAssortmentItemsPageable.validateGetAmtItems_pageable_TC001(GetAssortmentItemsPageable.java:69)
... Removed 36 stack frames]]>
    </failure>
  </testcase> <!-- validateGetAmtItems_pageable_TC001 -->
  <testcase classname="com.kroger.assortment.api.assortmentmgmtcore.GetAssortmentItemsPageable" name="validateGetAmtItems_pageable_TC001" time="1.866"/>
</testsuite> <!-- testng -->
