<?xml version="1.0" encoding="UTF-8"?>
<testsuite xmlns:xsi="http://www.w3.org/2001/XMLSchema-instance" xsi:noNamespaceSchemaLocation="https://maven.apache.org/surefire/maven-surefire-plugin/xsd/surefire-test-report-3.0.xsd" version="3.0" name="TestSuite" time="234.107" tests="16" errors="0" skipped="0" failures="8">
  <properties>
[...]
</properties>
  <testcase name="validateGetAmtItems_pageOffset_TC003[{Test Case=GetAssormentItems filter by pageable=true and page.offset= 5, paramPageSize=10, S.No=1, ExecutionFlag=Y, filterParam=5, StatusCode=200}](1)" classname="com.kroger.assortment.api.assortmentmgmtcore.GetAssortmentItemsPageable" time="4.544">
    <failure message=" [Error] Assortment Items according to offset 5 and page.size 10 were NOT correctly fetched expected [true] but found [false]" type="java.lang.AssertionError"><![CDATA[java.lang.AssertionError:  [Error] Assortment Items according to offset 5 and page.size 10 were NOT correctly fetched expected [true] but found [false]
	at com.kroger.assortment.api.assortmentmgmtcore.GetAssortmentItemsPageable.validateGetAmtItems_pageOffset_TC003(GetAssortmentItemsPageable.java:158)
]]></failure>
    <system-out><![CDATA[...
... TestNG 6.14.2 by Cédric Beust (cedric@beust.com)
...

********************************************************************
-------------------------Test Suite Started-------------------------
********************************************************************



___    ___________________________            ____
__ \     _____  _______ ___    |__  __ \___  _/_  /______ _    _  /
___ \    __  / / /  __ `/_  /| |_  /_/ /__  / _  __/  __ `/    / / 
__  /    _  /_/ // /_/ /_  ___ |  ____/__/ /  / /_ / /_/ /     \ \ 
_/_/     _\__, / \__,_/ /_/  |_/_/     /___/  \__/ \__,_/       \_\
         /____/                  

https://gitlab.kroger.com/Yaapita/Yaapita
 :: yaAPIta       ::         (v3.0.0)
 :: Revision      ::         (458cfc1828c2e38a939a754695d6f7fa02912b4f)
 :: Revision Date ::         (03-03-2021 21:15:20)
There is a latest version of yaAPIta available. Please consider upgrading/refreshing cache : https://gitlab.kroger.com/Yaapita/Yaapita/blob/master/docs/GradleRefresh.md
LATEST CHANGE :: April 16 - Added ability to add custom background color for reporting
Please provide gitlab project id to log build Reference id to echo. Refer to: https://gitlab.kroger.com/Yaapita/Yaapita/blob/master/docs/LogResults_ECHO.md for details


============================================================================================
 Init validateGetAmtItems_pageOffset_TC003 
[Test Scenario] 1 GetAssormentItems filter by pageable=true and page.offset= 5
[Endpoint]  https://assortment-manager-core.amtapp-test.kpsazc.dgtl.kroger.com/assortment-items?pageable=true&page.size=10&page.offset=5


Assortment Items by offset retrieved by API: [192305, 192301, 192201, 192101, 192001, 191901, 191802, 191801, 191701, 191601]
Assortment Items by offset retrieved by DB:  [174301, 174302, 174303, 174304, 174201, 174202, 174207, 190809, 190901, 191001]

[Correct]  Expected code: 200 VS  Obtained Status Code: 200
[Error] Assortment Items according to offset 5 and page.size 10 were NOT correctly fetched
]]></system-out>
    <system-err><![CDATA[SLF4J: Failed to load class "org.slf4j.impl.StaticLoggerBinder".
SLF4J: Defaulting to no-operation (NOP) logger implementation
SLF4J: See http://www.slf4j.org/codes.html#StaticLoggerBinder for further details.
]]></system-err>
  </testcase>
  <testcase name="validateGetAmtItems_pageOffset_TC003[{Test Case=GetAssormentItems filter by pageable=true and page.offset= 6, paramPageSize=20, S.No=2, ExecutionFlag=Y, filterParam=6, StatusCode=200}](2)" classname="com.kroger.assortment.api.assortmentmgmtcore.GetAssortmentItemsPageable" time="4.194">
    <failure message=" [Error] Assortment Items according to offset 6 and page.size 20 were NOT correctly fetched expected [true] but found [false]" type="java.lang.AssertionError"><![CDATA[java.lang.AssertionError:  [Error] Assortment Items according to offset 6 and page.size 20 were NOT correctly fetched expected [true] but found [false]
	at com.kroger.assortment.api.assortmentmgmtcore.GetAssortmentItemsPageable.validateGetAmtItems_pageOffset_TC003(GetAssortmentItemsPageable.java:158)
]]></failure>
    <system-out><![CDATA[

============================================================================================
 Init validateGetAmtItems_pageOffset_TC003 
[Test Scenario] 2 GetAssormentItems filter by pageable=true and page.offset= 6
[Endpoint]  https://assortment-manager-core.amtapp-test.kpsazc.dgtl.kroger.com/assortment-items?pageable=true&page.size=20&page.offset=6


Assortment Items by offset retrieved by API: [192301, 192201, 192101, 192001, 191901, 191802, 191801, 191701, 191601, 191501, 191401, 191301, 191201, 191101, 191001, 190901, 190809, 190708, 190808, 190707]
Assortment Items by offset retrieved by DB:  [174302, 174303, 174304, 174201, 174202, 174207, 190809, 190901, 191001, 191101, 191201, 191301, 191401, 191501, 191601, 191701, 191801, 191802, 191901, 192001]

[Correct]  Expected code: 200 VS  Obtained Status Code: 200
[Error] Assortment Items according to offset 6 and page.size 20 were NOT correctly fetched
]]></system-out>
  </testcase>
  <testcase name="validateGetAmtItems_pageOffset_TC003[{Test Case=GetAssormentItems filter by pageable=true and page.offset= 35, paramPageSize=30, S.No=3, ExecutionFlag=Y, filterParam=35, StatusCode=200}](3)" classname="com.kroger.assortment.api.assortmentmgmtcore.GetAssortmentItemsPageable" time="4.152">
    <failure message=" [Error] Assortment Items according to offset 35 and page.size 30 were NOT correctly fetched expected [true] but found [false]" type="java.lang.AssertionError"><![CDATA[java.lang.AssertionError:  [Error] Assortment Items according to offset 35 and page.size 30 were NOT correctly fetched expected [true] but found [false]
	at com.kroger.assortment.api.assortmentmgmtcore.GetAssortmentItemsPageable.validateGetAmtItems_pageOffset_TC003(GetAssortmentItemsPageable.java:158)
]]></failure>
    <system-out><![CDATA[

============================================================================================
 Init validateGetAmtItems_pageOffset_TC003 
[Test Scenario] 3 GetAssormentItems filter by pageable=true and page.offset= 35
[Endpoint]  https://assortment-manager-core.amtapp-test.kpsazc.dgtl.kroger.com/assortment-items?pageable=true&page.size=30&page.offset=35


Assortment Items by offset retrieved by API: [14130, 161800, 161802, 161517, 190563, 190557, 190551, 190547, 190540, 190530, 190524, 190513, 190503, 190497, 190493, 190491, 190476, 190474, 190469, 190463, 190462, 190457, 190451, 190445, 190439, 190433, 190432, 190431, 190430, 190429]
Assortment Items by offset retrieved by DB:  [13101, 13203, 172903, 172907, 172911, 172915, 172919, 172923, 13201, 13301, 172904, 172908, 172912, 172916, 172920, 172924, 13401, 172901, 172905, 172909, 172913, 172917, 172921, 172925, 173508, 173509, 173510, 173511, 173512, 173513]

[Correct]  Expected code: 200 VS  Obtained Status Code: 200
[Error] Assortment Items according to offset 35 and page.size 30 were NOT correctly fetched
]]></system-out>
  </testcase>
  <testcase name="validateGetAmtItems_pageOffset_TC003[{Test Case=GetAssormentItems filter by pageable=true and page.offset= 72, paramPageSize=40, S.No=4, ExecutionFlag=Y, filterParam=72, StatusCode=200}](4)" classname="com.kroger.assortment.api.assortmentmgmtcore.GetAssortmentItemsPageable" time="4.38">
    <failure message=" [Error] Assortment Items according to offset 72 and page.size 40 were NOT correctly fetched expected [true] but found [false]" type="java.lang.AssertionError"><![CDATA[java.lang.AssertionError:  [Error] Assortment Items according to offset 72 and page.size 40 were NOT correctly fetched expected [true] but found [false]
	at com.kroger.assortment.api.assortmentmgmtcore.GetAssortmentItemsPageable.validateGetAmtItems_pageOffset_TC003(GetAssortmentItemsPageable.java:158)
]]></failure>
    <system-out><![CDATA[

============================================================================================
 Init validateGetAmtItems_pageOffset_TC003 
[Test Scenario] 4 GetAssormentItems filter by pageable=true and page.offset= 72
[Endpoint]  https://assortment-manager-core.amtapp-test.kpsazc.dgtl.kroger.com/assortment-items?pageable=true&page.size=40&page.offset=72


Assortment Items by offset retrieved by API: [190380, 190374, 190368, 190362, 190356, 190350, 190344, 190338, 190332, 190326, 190320, 190314, 190308, 190302, 190296, 190295, 190290, 190289, 190284, 190278, 190277, 190272, 190266, 190260, 190254, 190248, 190242, 190237, 190231, 190225, 190224, 190223, 190222, 190221, 190220, 190219, 190213, 190208, 190203, 190197]
Assortment Items by offset retrieved by DB:  [190807, 190808, 174501, 171107, 169818, 169841, 154061, 154062, 154063, 154064, 160084, 175337, 175338, 169831, 169963, 169877, 14101, 14102, 14103, 14104, 174805, 169828, 161814, 161815, 161816, 161817, 154058, 154059, 162958, 169846, 169840, 14105, 14106, 14107, 14108, 14109, 174811, 154198, 161582, 161583]

[Correct]  Expected code: 200 VS  Obtained Status Code: 200
[Error] Assortment Items according to offset 72 and page.size 40 were NOT correctly fetched
]]></system-out>
  </testcase>
  <testcase name="validateGetAmtItems_pageOffset_TC003[{Test Case=GetAssormentItems filter by pageable=true and page.offset= 0, paramPageSize=50, S.No=5, ExecutionFlag=Y, filterParam=0, StatusCode=200}](5)" classname="com.kroger.assortment.api.assortmentmgmtcore.GetAssortmentItemsPageable" time="4.332">
    <failure message=" [Error] Assortment Items according to offset 0 and page.size 50 were NOT correctly fetched expected [true] but found [false]" type="java.lang.AssertionError"><![CDATA[java.lang.AssertionError:  [Error] Assortment Items according to offset 0 and page.size 50 were NOT correctly fetched expected [true] but found [false]
	at com.kroger.assortment.api.assortmentmgmtcore.GetAssortmentItemsPageable.validateGetAmtItems_pageOffset_TC003(GetAssortmentItemsPageable.java:158)
]]></failure>
    <system-out><![CDATA[

============================================================================================
 Init validateGetAmtItems_pageOffset_TC003 
[Test Scenario] 5 GetAssormentItems filter by pageable=true and page.offset= 0
[Endpoint]  https://assortment-manager-core.amtapp-test.kpsazc.dgtl.kroger.com/assortment-items?pageable=true&page.size=50&page.offset=0


Assortment Items by offset retrieved by API: [13101, 192501, 192401, 192304, 192305, 192301, 192201, 192101, 192001, 191901, 191802, 191801, 191701, 191601, 191501, 191401, 191301, 191201, 191101, 191001, 190901, 190809, 190708, 190808, 190707, 190807, 190706, 190806, 190705, 190805, 14132, 174845, 14129, 14130, 14131, 161800, 161802, 161517, 190563, 190557, 190551, 190547, 190540, 190530, 190524, 190513, 190503, 190497, 190493, 190491]
Assortment Items by offset retrieved by DB:  [174203, 174204, 174205, 174206, 174301, 174302, 174303, 174304, 174201, 174202, 174207, 190809, 190901, 191001, 191101, 191201, 191301, 191401, 191501, 191601, 191701, 191801, 191802, 191901, 192001, 192101, 192201, 192401, 192501, 172906, 172910, 172914, 172918, 172922, 13101, 13203, 172903, 172907, 172911, 172915, 172919, 172923, 13201, 13301, 172904, 172908, 172912, 172916, 172920, 172924]

[Correct]  Expected code: 200 VS  Obtained Status Code: 200
[Error] Assortment Items according to offset 0 and page.size 50 were NOT correctly fetched
]]></system-out>
  </testcase>
  <testcase name="validateGetAmtItems_pageOffset_blankspaces_TC005" classname="com.kroger.assortment.api.assortmentmgmtcore.GetAssortmentItemsPageable" time="4.494">
    <failure message=" [Error] Assortment Items according to offset 0 and page.size 70 were NOT correctly fetched expected [true] but found [false]" type="java.lang.AssertionError"><![CDATA[java.lang.AssertionError:  [Error] Assortment Items according to offset 0 and page.size 70 were NOT correctly fetched expected [true] but found [false]
	at com.kroger.assortment.api.assortmentmgmtcore.GetAssortmentItemsPageable.validateGetAmtItems_pageOffset_blankspaces_TC005(GetAssortmentItemsPageable.java:230)
]]></failure>
    <system-out><![CDATA[

============================================================================================
 Init validateGetAmtItems_pageOffset_blankspaces_TC005 
[Test Scenario] GetAssormentItems filter by pageable=true and page.offset= blank space
[Endpoint]  https://assortment-manager-core.amtapp-test.kpsazc.dgtl.kroger.com/assortment-items?pageable=true&page.size=70&page.offset=


Assortment Items by offset retrieved by API: [13101, 192501, 192401, 192304, 192305, 192301, 192201, 192101, 192001, 191901, 191802, 191801, 191701, 191601, 191501, 191401, 191301, 191201, 191101, 191001, 190901, 190809, 190708, 190808, 190707, 190807, 190706, 190806, 190705, 190805, 14132, 174845, 14129, 14130, 14131, 161800, 161802, 161517, 190563, 190557, 190551, 190547, 190540, 190530, 190524, 190513, 190503, 190497, 190493, 190491, 190476, 190474, 190469, 190463, 190462, 190457, 190451, 190445, 190439, 190433, 190432, 190431, 190430, 190429, 190428, 190422, 190415, 190405, 190399, 190393]
Assortment Items by offset retrieved by DB:  [174203, 174204, 174205, 174206, 174301, 174302, 174303, 174304, 174201, 174202, 174207, 190809, 190901, 191001, 191101, 191201, 191301, 191401, 191501, 191601, 191701, 191801, 191802, 191901, 192001, 192101, 192201, 192401, 192501, 172906, 172910, 172914, 172918, 172922, 13101, 13203, 172903, 172907, 172911, 172915, 172919, 172923, 13201, 13301, 172904, 172908, 172912, 172916, 172920, 172924, 13401, 172901, 172905, 172909, 172913, 172917, 172921, 172925, 173508, 173509, 173510, 173511, 173512, 173513, 173514, 190705, 190706, 190707, 190708, 190805]

[Correct]  Expected code: 200 VS  Obtained Status Code: 200
[Error] Assortment Items according to offset 0 and page.size 70 were NOT correctly fetched
]]></system-out>
  </testcase>
  <testcase name="validateGetAmtItems_pageOffset_empty_TC006" classname="com.kroger.assortment.api.assortmentmgmtcore.GetAssortmentItemsPageable" time="4.433">
    <failure message=" [Error] Assortment Items according to offset 0 and page.size 60 were NOT correctly fetched expected [true] but found [false]" type="java.lang.AssertionError"><![CDATA[java.lang.AssertionError:  [Error] Assortment Items according to offset 0 and page.size 60 were NOT correctly fetched expected [true] but found [false]
	at com.kroger.assortment.api.assortmentmgmtcore.GetAssortmentItemsPageable.validateGetAmtItems_pageOffset_empty_TC006(GetAssortmentItemsPageable.java:267)
]]></failure>
    <system-out><![CDATA[

============================================================================================
 Init validateGetAmtItems_pageOffset_empty_TC006 
[Test Scenario] GetAssormentItems filter by pageable=true and page.offset= empty
[Endpoint]  https://assortment-manager-core.amtapp-test.kpsazc.dgtl.kroger.com/assortment-items?pageable=true&page.size=60&page.offset=


Assortment Items by offset retrieved by API: [13101, 192501, 192401, 192304, 192305, 192301, 192201, 192101, 192001, 191901, 191802, 191801, 191701, 191601, 191501, 191401, 191301, 191201, 191101, 191001, 190901, 190809, 190708, 190808, 190707, 190807, 190706, 190806, 190705, 190805, 14132, 174845, 14129, 14130, 14131, 161800, 161802, 161517, 190563, 190557, 190551, 190547, 190540, 190530, 190524, 190513, 190503, 190497, 190493, 190491, 190476, 190474, 190469, 190463, 190462, 190457, 190451, 190445, 190439, 190433]
Assortment Items by offset retrieved by DB:  [174203, 174204, 174205, 174206, 174301, 174302, 174303, 174304, 174201, 174202, 174207, 190809, 190901, 191001, 191101, 191201, 191301, 191401, 191501, 191601, 191701, 191801, 191802, 191901, 192001, 192101, 192201, 192401, 192501, 172906, 172910, 172914, 172918, 172922, 13101, 13203, 172903, 172907, 172911, 172915, 172919, 172923, 13201, 13301, 172904, 172908, 172912, 172916, 172920, 172924, 13401, 172901, 172905, 172909, 172913, 172917, 172921, 172925, 173508, 173509]

[Correct]  Expected code: 200 VS  Obtained Status Code: 200
[Error] Assortment Items according to offset 0 and page.size 60 were NOT correctly fetched
]]></system-out>
  </testcase>
  <testcase name="validateGetAmtItems_pageOffset_negativeNumber_TC004" classname="com.kroger.assortment.api.assortmentmgmtcore.GetAssortmentItemsPageable" time="1.44">
    <system-out><![CDATA[

============================================================================================
 Init validateGetAmtItems_pageOffset_negativeNumber_TC004 
[Test Scenario] Test getAssortmentItems with Pageable=true, page.size=10 and page.offset=negative number
[Endpoint]  https://assortment-manager-core.amtapp-test.kpsazc.dgtl.kroger.com/assortment-items?pageable=true&page.size=10&page.offset=-1

[Correct]  Expected code: 500 VS  Obtained Status Code: 500
[Correct]  Assortment Items can't be filter with page.offset negative numbers so API responsed: [Internal Server Error]
============================================================================================
]]></system-out>
  </testcase>
  <testcase name="validateGetAmtItems_pageSize_TC002[{Expected=30, Test Case=GetAssortmentItems Pageable = true and page.size=30, S.No=1, ExecutionFlag=Y, filterParam=30, StatusCode=200}](1)" classname="com.kroger.assortment.api.assortmentmgmtcore.GetAssortmentItemsPageable" time="1.983">
    <system-out><![CDATA[

============================================================================================
 Init validateGetAmtItems_pageSize_TC002 
[Test Scenario] 1 GetAssortmentItems Pageable = true and page.size=30 Parameter page.size = 30
[Endpoint]  https://assortment-manager-core.amtapp-test.kpsazc.dgtl.kroger.com/assortment-items?pageable=true&page.size=30

[Correct]  Expected code: 200 VS  Obtained Status Code: 200
[Correct]  Assortment Items according to page.Size = 30, Expected number of a items: 30 ,Current number of a items from API: 30
============================================================================================
]]></system-out>
  </testcase>
  <testcase name="validateGetAmtItems_pageSize_TC002[{Expected=50, Test Case=GetAssortmentItems Pageable = true and page.size=50, S.No=2, ExecutionFlag=Y, filterParam=50, StatusCode=200}](2)" classname="com.kroger.assortment.api.assortmentmgmtcore.GetAssortmentItemsPageable" time="2.05">
    <system-out><![CDATA[

============================================================================================
 Init validateGetAmtItems_pageSize_TC002 
[Test Scenario] 2 GetAssortmentItems Pageable = true and page.size=50 Parameter page.size = 50
[Endpoint]  https://assortment-manager-core.amtapp-test.kpsazc.dgtl.kroger.com/assortment-items?pageable=true&page.size=50

[Correct]  Expected code: 200 VS  Obtained Status Code: 200
[Correct]  Assortment Items according to page.Size = 50, Expected number of a items: 50 ,Current number of a items from API: 50
============================================================================================
]]></system-out>
  </testcase>
  <testcase name="validateGetAmtItems_pageSize_TC002[{Expected=20, Test Case=GetAssortmentItems Pageable = true and page.size=empty, S.No=3, ExecutionFlag=Y, filterParam=null, StatusCode=200}](3)" classname="com.kroger.assortment.api.assortmentmgmtcore.GetAssortmentItemsPageable" time="1.936">
    <system-out><![CDATA[

============================================================================================
 Init validateGetAmtItems_pageSize_TC002 
[Test Scenario] 3 GetAssortmentItems Pageable = true and page.size=empty Parameter page.size = 
[Endpoint]  https://assortment-manager-core.amtapp-test.kpsazc.dgtl.kroger.com/assortment-items?pageable=true&page.size=

[Correct]  Expected code: 200 VS  Obtained Status Code: 200
[Correct]  Assortment Items according to page.Size = , Expected number of a items: 20 ,Current number of a items from API: 20
============================================================================================
]]></system-out>
  </testcase>
  <testcase name="validateGetAmtItems_pageSize_TC002[{Expected=20, Test Case=GetAssortmentItems Pageable = true and page.size=blank, S.No=4, ExecutionFlag=y, filterParam= , StatusCode=200}](4)" classname="com.kroger.assortment.api.assortmentmgmtcore.GetAssortmentItemsPageable" time="1.993">
    <system-out><![CDATA[

============================================================================================
 Init validateGetAmtItems_pageSize_TC002 
[Test Scenario] 4 GetAssortmentItems Pageable = true and page.size=blank Parameter page.size =  
[Endpoint]  https://assortment-manager-core.amtapp-test.kpsazc.dgtl.kroger.com/assortment-items?pageable=true&page.size= 

[Correct]  Expected code: 200 VS  Obtained Status Code: 200
[Correct]  Assortment Items according to page.Size =  , Expected number of a items: 20 ,Current number of a items from API: 20
============================================================================================
]]></system-out>
  </testcase>
  <testcase name="validateGetAmtItems_pageSize_TC002[{Expected=[assortment items were not found during search], Test Case=GetAssortmentItems Pageable = true and page.size=0, S.No=5, ExecutionFlag=y, filterParam=0, StatusCode=404}](5)" classname="com.kroger.assortment.api.assortmentmgmtcore.GetAssortmentItemsPageable" time="1.439">
    <system-out><![CDATA[

============================================================================================
 Init validateGetAmtItems_pageSize_TC002 
[Test Scenario] 5 GetAssortmentItems Pageable = true and page.size=0 Parameter page.size = 0
[Endpoint]  https://assortment-manager-core.amtapp-test.kpsazc.dgtl.kroger.com/assortment-items?pageable=true&page.size=0

[Correct]  Expected code: 404 VS  Obtained Status Code: 404
[Correct]  Assortment Items according to page.Size = 0, Expected number of a items: [assortment items were not found during search] ,Current number of a items from API: [assortment items were not found during search]
============================================================================================
]]></system-out>
  </testcase>
  <testcase name="validateGetAmtItems_pageable_TC001[{Test Case=GET Assortment Items Pageable by default true, S.No=1, ExecutionFlag=Y, filterParam=, StatusCode=200}](1)" classname="com.kroger.assortment.api.assortmentmgmtcore.GetAssortmentItemsPageable" time="1.91">
    <system-out><![CDATA[

============================================================================================
 Init validateGetAmtItems_pageable_TC001 
[Test Scenario] 1 GET Assortment Items Pageable by default true Parameter Pageable = 
[Endpoint]  https://assortment-manager-core.amtapp-test.kpsazc.dgtl.kroger.com/assortment-items?pageable=

[Correct]  Expected code: 200 VS  Obtained Status Code: 200
[Correct]  Assortment Items according to Pageable = true, Expected number of a items 20 Current number of a items from API 20
============================================================================================
]]></system-out>
  </testcase>
  <testcase name="validateGetAmtItems_pageable_TC001[{Test Case=GET Assortment Items Pageable = false, S.No=2, ExecutionFlag=Y, filterParam=false, StatusCode=200}](2)" classname="com.kroger.assortment.api.assortmentmgmtcore.GetAssortmentItemsPageable" time="181.355">
    <failure message="1 expectation failed.&#10;Expected content-type &quot;JSON&quot; doesn&apos;t match actual content-type &quot;text/html&quot;.&#10;" type="java.lang.AssertionError"><![CDATA[java.lang.AssertionError: 
1 expectation failed.
Expected content-type "JSON" doesn't match actual content-type "text/html".

	at com.kroger.assortment.api.assortmentmgmtcore.GetAssortmentItemsPageable.validateGetAmtItems_pageable_TC001(GetAssortmentItemsPageable.java:69)
]]></failure>
    <system-out><![CDATA[

============================================================================================
 Init validateGetAmtItems_pageable_TC001 
[Test Scenario] 2 GET Assortment Items Pageable = false Parameter Pageable = false
[Endpoint]  https://assortment-manager-core.amtapp-test.kpsazc.dgtl.kroger.com/assortment-items?pageable=false
]]></system-out>
  </testcase>
  <testcase name="validateGetAmtItems_pageable_TC001[{Test Case=GET Assortment Items Pageable = true, S.No=3, ExecutionFlag=Y, filterParam=true, StatusCode=200}](3)" classname="com.kroger.assortment.api.assortmentmgmtcore.GetAssortmentItemsPageable" time="1.867">
    <system-out><![CDATA[

============================================================================================
 Init validateGetAmtItems_pageable_TC001 
[Test Scenario] 3 GET Assortment Items Pageable = true Parameter Pageable = true
[Endpoint]  https://assortment-manager-core.amtapp-test.kpsazc.dgtl.kroger.com/assortment-items?pageable=true

[Correct]  Expected code: 200 VS  Obtained Status Code: 200
[Correct]  Assortment Items according to Pageable = true, Expected number of a items 20 Current number of a items from API 20
============================================================================================
]]></system-out>
  </testcase>
</testsuite>